# JRE version: Java(TM) SE Runtime Environment (8.0_231-b11) (build 1.8.0_231-b11)
# Java VM: Java HotSpot(TM) 64-Bit Server VM (25.231-b11 mixed mode windows-amd64 compressed oops)
Heap:
 PSYoungGen      total 18432K, used 15872K [0x00000000ebb80000, 0x00000000ed000000, 0x0000000100000000)
  eden space 15872K, 100% used [0x00000000ebb80000,0x00000000ecb00000,0x00000000ecb00000)
  from space 2560K, 0% used [0x00000000ecd80000,0x00000000ecd80000,0x00000000ed000000)
  to   space 2560K, 0% used [0x00000000ecb00000,0x00000000ecb00000,0x00000000ecd80000)
 ParOldGen       total 86528K, used 59144K [0x00000000c3200000, 0x00000000c8680000, 0x00000000ebb80000)
  object space 86528K, 68% used [0x00000000c3200000,0x00000000c6bc2280,0x00000000c8680000)
 Metaspace       used 18507K, capacity 19280K, committed 19456K, reserved 1067008K
  class space    used 2504K, capacity 2695K, committed 2816K, reserved 1048576K
GC Heap History (10 events):
Event: 4.240 GC heap before
{Heap before GC invocations=1 (full 0):
 PSYoungGen      total 18432K, used 15872K [0x00000000ebb80000, 0x00000000ed000000, 0x0000000100000000)
  eden space 15872K, 100% used [0x00000000ebb80000,0x00000000ecb00000,0x00000000ecb00000)
  from space 2560K, 0% used [0x00000000ecd80000,0x00000000ecd80000,0x00000000ed000000)
  to   space 2560K, 0% used [0x00000000ecb00000,0x00000000ecb00000,0x00000000ecd80000)
 ParOldGen       total 42496K, used 0K [0x00000000c3200000, 0x00000000c5b80000, 0x00000000ebb80000)
  object space 42496K, 0% used [0x00000000c3200000,0x00000000c3200000,0x00000000c5b80000)
 Metaspace       used 8540K, capacity 8898K, committed 9088K, reserved 1056768K
  class space    used 1030K, capacity 1131K, committed 1152K, reserved 1048576K
Event: 4.247 GC heap after
Heap after GC invocations=1 (full 0):
 PSYoungGen      total 18432K, used 1824K [0x00000000ebb80000, 0x00000000ed000000, 0x0000000100000000)
  eden space 15872K, 0% used [0x00000000ebb80000,0x00000000ebb80000,0x00000000ecb00000)
  from space 2560K, 71% used [0x00000000ecb00000,0x00000000eccc8050,0x00000000ecd80000)
  to   space 2560K, 0% used [0x00000000ecd80000,0x00000000ecd80000,0x00000000ed000000)
 ParOldGen       total 42496K, used 72K [0x00000000c3200000, 0x00000000c5b80000, 0x00000000ebb80000)
  object space 42496K, 0% used [0x00000000c3200000,0x00000000c3212010,0x00000000c5b80000)
 Metaspace       used 8540K, capacity 8898K, committed 9088K, reserved 1056768K
  class space    used 1030K, capacity 1131K, committed 1152K, reserved 1048576K
}
Event: 12.100 GC heap before
{Heap before GC invocations=2 (full 0):
 PSYoungGen      total 18432K, used 17696K [0x00000000ebb80000, 0x00000000ed000000, 0x0000000100000000)
  eden space 15872K, 100% used [0x00000000ebb80000,0x00000000ecb00000,0x00000000ecb00000)
  from space 2560K, 71% used [0x00000000ecb00000,0x00000000eccc8050,0x00000000ecd80000)
  to   space 2560K, 0% used [0x00000000ecd80000,0x00000000ecd80000,0x00000000ed000000)
 ParOldGen       total 67072K, used 48672K [0x00000000c3200000, 0x00000000c7380000, 0x00000000ebb80000)
  object space 67072K, 72% used [0x00000000c3200000,0x00000000c6188030,0x00000000c7380000)
 Metaspace       used 13611K, capacity 14080K, committed 14336K, reserved 1060864K
  class space    used 1847K, capacity 1966K, committed 2048K, reserved 1048576K
Event: 12.110 GC heap after
Heap after GC invocations=2 (full 0):
 PSYoungGen      total 18432K, used 2528K [0x00000000ebb80000, 0x00000000ed000000, 0x0000000100000000)
  eden space 15872K, 0% used [0x00000000ebb80000,0x00000000ebb80000,0x00000000ecb00000)
  from space 2560K, 98% used [0x00000000ecd80000,0x00000000ecff8040,0x00000000ed000000)
  to   space 2560K, 0% used [0x00000000ecb00000,0x00000000ecb00000,0x00000000ecd80000)
 ParOldGen       total 67072K, used 50285K [0x00000000c3200000, 0x00000000c7380000, 0x00000000ebb80000)
  object space 67072K, 74% used [0x00000000c3200000,0x00000000c631b450,0x00000000c7380000)
 Metaspace       used 13611K, capacity 14080K, committed 14336K, reserved 1060864K
  class space    used 1847K, capacity 1966K, committed 2048K, reserved 1048576K
}
Event: 18.691 GC heap before
{Heap before GC invocations=3 (full 0):
 PSYoungGen      total 18432K, used 17448K [0x00000000ebb80000, 0x00000000ed000000, 0x0000000100000000)
  eden space 15872K, 94% used [0x00000000ebb80000,0x00000000eca12020,0x00000000ecb00000)
  from space 2560K, 98% used [0x00000000ecd80000,0x00000000ecff8040,0x00000000ed000000)
  to   space 2560K, 0% used [0x00000000ecb00000,0x00000000ecb00000,0x00000000ecd80000)
 ParOldGen       total 67072K, used 50285K [0x00000000c3200000, 0x00000000c7380000, 0x00000000ebb80000)
  object space 67072K, 74% used [0x00000000c3200000,0x00000000c631b450,0x00000000c7380000)
 Metaspace       used 17004K, capacity 17708K, committed 17792K, reserved 1064960K
  class space    used 2461K, capacity 2646K, committed 2688K, reserved 1048576K
Event: 18.704 GC heap after
Heap after GC invocations=3 (full 0):
 PSYoungGen      total 18432K, used 2528K [0x00000000ebb80000, 0x00000000ed000000, 0x0000000100000000)
  eden space 15872K, 0% used [0x00000000ebb80000,0x00000000ebb80000,0x00000000ecb00000)
  from space 2560K, 98% used [0x00000000ecb00000,0x00000000ecd78010,0x00000000ecd80000)
  to   space 2560K, 0% used [0x00000000ecd80000,0x00000000ecd80000,0x00000000ed000000)
 ParOldGen       total 67072K, used 54267K [0x00000000c3200000, 0x00000000c7380000, 0x00000000ebb80000)
  object space 67072K, 80% used [0x00000000c3200000,0x00000000c66fee88,0x00000000c7380000)
 Metaspace       used 17004K, capacity 17708K, committed 17792K, reserved 1064960K
  class space    used 2461K, capacity 2646K, committed 2688K, reserved 1048576K
}
Event: 32.485 GC heap before
{Heap before GC invocations=4 (full 0):
 PSYoungGen      total 18432K, used 18339K [0x00000000ebb80000, 0x00000000ed000000, 0x0000000100000000)
  eden space 15872K, 99% used [0x00000000ebb80000,0x00000000ecaf0cb8,0x00000000ecb00000)
  from space 2560K, 98% used [0x00000000ecb00000,0x00000000ecd78010,0x00000000ecd80000)
  to   space 2560K, 0% used [0x00000000ecd80000,0x00000000ecd80000,0x00000000ed000000)
 ParOldGen       total 67072K, used 54267K [0x00000000c3200000, 0x00000000c7380000, 0x00000000ebb80000)
  object space 67072K, 80% used [0x00000000c3200000,0x00000000c66fee88,0x00000000c7380000)
 Metaspace       used 18375K, capacity 19148K, committed 19456K, reserved 1067008K
  class space    used 2502K, capacity 2692K, committed 2816K, reserved 1048576K
Event: 32.497 GC heap after
Heap after GC invocations=4 (full 0):
 PSYoungGen      total 18432K, used 2544K [0x00000000ebb80000, 0x00000000ed000000, 0x0000000100000000)
  eden space 15872K, 0% used [0x00000000ebb80000,0x00000000ebb80000,0x00000000ecb00000)
  from space 2560K, 99% used [0x00000000ecd80000,0x00000000ecffc020,0x00000000ed000000)
  to   space 2560K, 0% used [0x00000000ecb00000,0x00000000ecb00000,0x00000000ecd80000)
 ParOldGen       total 67072K, used 59237K [0x00000000c3200000, 0x00000000c7380000, 0x00000000ebb80000)
  object space 67072K, 88% used [0x00000000c3200000,0x00000000c6bd96c8,0x00000000c7380000)
 Metaspace       used 18375K, capacity 19148K, committed 19456K, reserved 1067008K
  class space    used 2502K, capacity 2692K, committed 2816K, reserved 1048576K
}
Event: 32.497 GC heap before
{Heap before GC invocations=5 (full 1):
 PSYoungGen      total 18432K, used 2544K [0x00000000ebb80000, 0x00000000ed000000, 0x0000000100000000)
  eden space 15872K, 0% used [0x00000000ebb80000,0x00000000ebb80000,0x00000000ecb00000)
  from space 2560K, 99% used [0x00000000ecd80000,0x00000000ecffc020,0x00000000ed000000)
  to   space 2560K, 0% used [0x00000000ecb00000,0x00000000ecb00000,0x00000000ecd80000)
 ParOldGen       total 67072K, used 59237K [0x00000000c3200000, 0x00000000c7380000, 0x00000000ebb80000)
  object space 67072K, 88% used [0x00000000c3200000,0x00000000c6bd96c8,0x00000000c7380000)
 Metaspace       used 18375K, capacity 19148K, committed 19456K, reserved 1067008K
  class space    used 2502K, capacity 2692K, committed 2816K, reserved 1048576K
Event: 32.681 GC heap after
Heap after GC invocations=5 (full 1):
 PSYoungGen      total 18432K, used 0K [0x00000000ebb80000, 0x00000000ed000000, 0x0000000100000000)
  eden space 15872K, 0% used [0x00000000ebb80000,0x00000000ebb80000,0x00000000ecb00000)
  from space 2560K, 0% used [0x00000000ecd80000,0x00000000ecd80000,0x00000000ed000000)
  to   space 2560K, 0% used [0x00000000ecb00000,0x00000000ecb00000,0x00000000ecd80000)
 ParOldGen       total 86528K, used 59144K [0x00000000c3200000, 0x00000000c8680000, 0x00000000ebb80000)
  object space 86528K, 68% used [0x00000000c3200000,0x00000000c6bc2280,0x00000000c8680000)
 Metaspace       used 18375K, capacity 19148K, committed 19456K, reserved 1067008K
  class space    used 2502K, capacity 2692K, committed 2816K, reserved 1048576K
}

