# JRE version: Java(TM) SE Runtime Environment (8.0_231-b11) (build 1.8.0_231-b11)
# Java VM: Java HotSpot(TM) 64-Bit Server VM (25.231-b11 mixed mode windows-amd64 compressed oops)
Heap:
 PSYoungGen      total 34304K, used 4108K [0x00000000ebb80000, 0x00000000edf80000, 0x0000000100000000)
  eden space 31744K, 12% used [0x00000000ebb80000,0x00000000ebf83050,0x00000000eda80000)
  from space 2560K, 0% used [0x00000000edd00000,0x00000000edd00000,0x00000000edf80000)
  to   space 2560K, 0% used [0x00000000eda80000,0x00000000eda80000,0x00000000edd00000)
 ParOldGen       total 105984K, used 65542K [0x00000000c3200000, 0x00000000c9980000, 0x00000000ebb80000)
  object space 105984K, 61% used [0x00000000c3200000,0x00000000c7201bf8,0x00000000c9980000)
 Metaspace       used 18267K, capacity 19026K, committed 19072K, reserved 1064960K
  class space    used 2492K, capacity 2678K, committed 2688K, reserved 1048576K
GC Heap History (10 events):
Event: 5.713 GC heap before
{Heap before GC invocations=1 (full 0):
 PSYoungGen      total 18432K, used 15821K [0x00000000ebb80000, 0x00000000ed000000, 0x0000000100000000)
  eden space 15872K, 99% used [0x00000000ebb80000,0x00000000ecaf3438,0x00000000ecb00000)
  from space 2560K, 0% used [0x00000000ecd80000,0x00000000ecd80000,0x00000000ed000000)
  to   space 2560K, 0% used [0x00000000ecb00000,0x00000000ecb00000,0x00000000ecd80000)
 ParOldGen       total 42496K, used 0K [0x00000000c3200000, 0x00000000c5b80000, 0x00000000ebb80000)
  object space 42496K, 0% used [0x00000000c3200000,0x00000000c3200000,0x00000000c5b80000)
 Metaspace       used 8514K, capacity 8834K, committed 9088K, reserved 1056768K
  class space    used 1015K, capacity 1131K, committed 1152K, reserved 1048576K
Event: 5.725 GC heap after
Heap after GC invocations=1 (full 0):
 PSYoungGen      total 18432K, used 2230K [0x00000000ebb80000, 0x00000000ed000000, 0x0000000100000000)
  eden space 15872K, 0% used [0x00000000ebb80000,0x00000000ebb80000,0x00000000ecb00000)
  from space 2560K, 87% used [0x00000000ecb00000,0x00000000ecd2dab0,0x00000000ecd80000)
  to   space 2560K, 0% used [0x00000000ecd80000,0x00000000ecd80000,0x00000000ed000000)
 ParOldGen       total 42496K, used 8K [0x00000000c3200000, 0x00000000c5b80000, 0x00000000ebb80000)
  object space 42496K, 0% used [0x00000000c3200000,0x00000000c3202000,0x00000000c5b80000)
 Metaspace       used 8514K, capacity 8834K, committed 9088K, reserved 1056768K
  class space    used 1015K, capacity 1131K, committed 1152K, reserved 1048576K
}
Event: 8.772 GC heap before
{Heap before GC invocations=2 (full 0):
 PSYoungGen      total 18432K, used 18102K [0x00000000ebb80000, 0x00000000ed000000, 0x0000000100000000)
  eden space 15872K, 100% used [0x00000000ebb80000,0x00000000ecb00000,0x00000000ecb00000)
  from space 2560K, 87% used [0x00000000ecb00000,0x00000000ecd2dab0,0x00000000ecd80000)
  to   space 2560K, 0% used [0x00000000ecd80000,0x00000000ecd80000,0x00000000ed000000)
 ParOldGen       total 67072K, used 48608K [0x00000000c3200000, 0x00000000c7380000, 0x00000000ebb80000)
  object space 67072K, 72% used [0x00000000c3200000,0x00000000c6178020,0x00000000c7380000)
 Metaspace       used 13559K, capacity 14068K, committed 14336K, reserved 1060864K
  class space    used 1836K, capacity 1962K, committed 2048K, reserved 1048576K
Event: 8.783 GC heap after
Heap after GC invocations=2 (full 0):
 PSYoungGen      total 18432K, used 2528K [0x00000000ebb80000, 0x00000000ed000000, 0x0000000100000000)
  eden space 15872K, 0% used [0x00000000ebb80000,0x00000000ebb80000,0x00000000ecb00000)
  from space 2560K, 98% used [0x00000000ecd80000,0x00000000ecff8040,0x00000000ed000000)
  to   space 2560K, 0% used [0x00000000ecb00000,0x00000000ecb00000,0x00000000ecd80000)
 ParOldGen       total 67072K, used 50317K [0x00000000c3200000, 0x00000000c7380000, 0x00000000ebb80000)
  object space 67072K, 75% used [0x00000000c3200000,0x00000000c6323458,0x00000000c7380000)
 Metaspace       used 13559K, capacity 14068K, committed 14336K, reserved 1060864K
  class space    used 1836K, capacity 1962K, committed 2048K, reserved 1048576K
}
Event: 10.099 GC heap before
{Heap before GC invocations=3 (full 0):
 PSYoungGen      total 18432K, used 18400K [0x00000000ebb80000, 0x00000000ed000000, 0x0000000100000000)
  eden space 15872K, 100% used [0x00000000ebb80000,0x00000000ecb00000,0x00000000ecb00000)
  from space 2560K, 98% used [0x00000000ecd80000,0x00000000ecff8040,0x00000000ed000000)
  to   space 2560K, 0% used [0x00000000ecb00000,0x00000000ecb00000,0x00000000ecd80000)
 ParOldGen       total 67072K, used 50317K [0x00000000c3200000, 0x00000000c7380000, 0x00000000ebb80000)
  object space 67072K, 75% used [0x00000000c3200000,0x00000000c6323458,0x00000000c7380000)
 Metaspace       used 17189K, capacity 17914K, committed 18048K, reserved 1064960K
  class space    used 2478K, capacity 2673K, committed 2688K, reserved 1048576K
Event: 10.148 GC heap after
Heap after GC invocations=3 (full 0):
 PSYoungGen      total 18432K, used 2528K [0x00000000ebb80000, 0x00000000edf80000, 0x0000000100000000)
  eden space 15872K, 0% used [0x00000000ebb80000,0x00000000ebb80000,0x00000000ecb00000)
  from space 2560K, 98% used [0x00000000ecb00000,0x00000000ecd78050,0x00000000ecd80000)
  to   space 2560K, 0% used [0x00000000edd00000,0x00000000edd00000,0x00000000edf80000)
 ParOldGen       total 67072K, used 55241K [0x00000000c3200000, 0x00000000c7380000, 0x00000000ebb80000)
  object space 67072K, 82% used [0x00000000c3200000,0x00000000c67f2730,0x00000000c7380000)
 Metaspace       used 17189K, capacity 17914K, committed 18048K, reserved 1064960K
  class space    used 2478K, capacity 2673K, committed 2688K, reserved 1048576K
}
Event: 13.744 GC heap before
{Heap before GC invocations=4 (full 0):
 PSYoungGen      total 18432K, used 18400K [0x00000000ebb80000, 0x00000000edf80000, 0x0000000100000000)
  eden space 15872K, 100% used [0x00000000ebb80000,0x00000000ecb00000,0x00000000ecb00000)
  from space 2560K, 98% used [0x00000000ecb00000,0x00000000ecd78050,0x00000000ecd80000)
  to   space 2560K, 0% used [0x00000000edd00000,0x00000000edd00000,0x00000000edf80000)
 ParOldGen       total 67072K, used 55241K [0x00000000c3200000, 0x00000000c7380000, 0x00000000ebb80000)
  object space 67072K, 82% used [0x00000000c3200000,0x00000000c67f2730,0x00000000c7380000)
 Metaspace       used 18012K, capacity 18758K, committed 18816K, reserved 1064960K
  class space    used 2490K, capacity 2675K, committed 2688K, reserved 1048576K
Event: 13.761 GC heap after
Heap after GC invocations=4 (full 0):
 PSYoungGen      total 34304K, used 2528K [0x00000000ebb80000, 0x00000000edf80000, 0x0000000100000000)
  eden space 31744K, 0% used [0x00000000ebb80000,0x00000000ebb80000,0x00000000eda80000)
  from space 2560K, 98% used [0x00000000edd00000,0x00000000edf78050,0x00000000edf80000)
  to   space 2560K, 0% used [0x00000000eda80000,0x00000000eda80000,0x00000000edd00000)
 ParOldGen       total 67072K, used 63508K [0x00000000c3200000, 0x00000000c7380000, 0x00000000ebb80000)
  object space 67072K, 94% used [0x00000000c3200000,0x00000000c7005210,0x00000000c7380000)
 Metaspace       used 18012K, capacity 18758K, committed 18816K, reserved 1064960K
  class space    used 2490K, capacity 2675K, committed 2688K, reserved 1048576K
}
Event: 13.761 GC heap before
{Heap before GC invocations=5 (full 1):
 PSYoungGen      total 34304K, used 2528K [0x00000000ebb80000, 0x00000000edf80000, 0x0000000100000000)
  eden space 31744K, 0% used [0x00000000ebb80000,0x00000000ebb80000,0x00000000eda80000)
  from space 2560K, 98% used [0x00000000edd00000,0x00000000edf78050,0x00000000edf80000)
  to   space 2560K, 0% used [0x00000000eda80000,0x00000000eda80000,0x00000000edd00000)
 ParOldGen       total 67072K, used 63508K [0x00000000c3200000, 0x00000000c7380000, 0x00000000ebb80000)
  object space 67072K, 94% used [0x00000000c3200000,0x00000000c7005210,0x00000000c7380000)
 Metaspace       used 18012K, capacity 18758K, committed 18816K, reserved 1064960K
  class space    used 2490K, capacity 2675K, committed 2688K, reserved 1048576K
Event: 14.001 GC heap after
Heap after GC invocations=5 (full 1):
 PSYoungGen      total 34304K, used 0K [0x00000000ebb80000, 0x00000000edf80000, 0x0000000100000000)
  eden space 31744K, 0% used [0x00000000ebb80000,0x00000000ebb80000,0x00000000eda80000)
  from space 2560K, 0% used [0x00000000edd00000,0x00000000edd00000,0x00000000edf80000)
  to   space 2560K, 0% used [0x00000000eda80000,0x00000000eda80000,0x00000000edd00000)
 ParOldGen       total 105984K, used 65542K [0x00000000c3200000, 0x00000000c9980000, 0x00000000ebb80000)
  object space 105984K, 61% used [0x00000000c3200000,0x00000000c7201bf8,0x00000000c9980000)
 Metaspace       used 18012K, capacity 18758K, committed 18816K, reserved 1064960K
  class space    used 2490K, capacity 2675K, committed 2688K, reserved 1048576K
}

